<?xml version="1.0" encoding="UTF-8"?>
<testsuite xmlns:xsi="http://www.w3.org/2001/XMLSchema-instance" xsi:noNamespaceSchemaLocation="https://maven.apache.org/surefire/maven-surefire-plugin/xsd/surefire-test-report.xsd" version="3.0.2" name="com.franquiciaProductos.franquiciaProductos.FranquiciaProductosApplicationTests" time="7.199" tests="1" errors="0" skipped="0" failures="0">
  <properties>
[...]
</properties>
  <testcase name="contextLoads" classname="com.franquiciaProductos.franquiciaProductos.FranquiciaProductosApplicationTests" time="0.585">
    <system-out><![CDATA[09:39:32.627 [main] INFO org.springframework.test.context.support.AnnotationConfigContextLoaderUtils -- Could not detect default configuration classes for test class [com.franquiciaProductos.franquiciaProductos.FranquiciaProductosApplicationTests]: FranquiciaProductosApplicationTests does not declare any static, non-private, non-final, nested classes annotated with @Configuration.
09:39:32.762 [main] INFO org.springframework.boot.test.context.SpringBootTestContextBootstrapper -- Found @SpringBootConfiguration com.franquiciaProductos.franquiciaProductos.FranquiciaProductosApplication for test class com.franquiciaProductos.franquiciaProductos.FranquiciaProductosApplicationTests

  .   ____          _            __ _ _
 /\\ / ___'_ __ _ _(_)_ __  __ _ \ \ \ \
( ( )\___ | '_ | '_| | '_ \/ _` | \ \ \ \
 \\/  ___)| |_)| | | | | || (_| |  ) ) ) )
  '  |____| .__|_| |_|_| |_\__, | / / / /
 =========|_|==============|___/=/_/_/_/

 :: Spring Boot ::                (v3.4.1)

2025-01-18T09:39:33.307-05:00  INFO 1424 --- [           main] .f.f.FranquiciaProductosApplicationTests : Starting FranquiciaProductosApplicationTests using Java 21.0.3 with PID 1424 (started by Emel in C:\proyecto_exam2\franquiciaProductos)
2025-01-18T09:39:33.309-05:00  INFO 1424 --- [           main] .f.f.FranquiciaProductosApplicationTests : No active profile set, falling back to 1 default profile: "default"
2025-01-18T09:39:34.269-05:00  INFO 1424 --- [           main] .s.d.r.c.RepositoryConfigurationDelegate : Bootstrapping Spring Data JPA repositories in DEFAULT mode.
2025-01-18T09:39:34.350-05:00  INFO 1424 --- [           main] .s.d.r.c.RepositoryConfigurationDelegate : Finished Spring Data repository scanning in 70 ms. Found 3 JPA repository interfaces.
2025-01-18T09:39:34.813-05:00  INFO 1424 --- [           main] com.zaxxer.hikari.HikariDataSource       : HikariPool-1 - Starting...
2025-01-18T09:39:35.048-05:00  INFO 1424 --- [           main] com.zaxxer.hikari.pool.HikariPool        : HikariPool-1 - Added connection conn0: url=jdbc:h2:mem:enlacesdb user=SA
2025-01-18T09:39:35.058-05:00  INFO 1424 --- [           main] com.zaxxer.hikari.HikariDataSource       : HikariPool-1 - Start completed.
2025-01-18T09:39:35.233-05:00  INFO 1424 --- [           main] o.hibernate.jpa.internal.util.LogHelper  : HHH000204: Processing PersistenceUnitInfo [name: default]
2025-01-18T09:39:35.373-05:00  INFO 1424 --- [           main] org.hibernate.Version                    : HHH000412: Hibernate ORM core version 6.6.4.Final
2025-01-18T09:39:35.412-05:00  INFO 1424 --- [           main] o.h.c.internal.RegionFactoryInitiator    : HHH000026: Second-level cache disabled
2025-01-18T09:39:35.886-05:00  INFO 1424 --- [           main] o.s.o.j.p.SpringPersistenceUnitInfo      : No LoadTimeWeaver setup: ignoring JPA class transformer
2025-01-18T09:39:35.964-05:00  WARN 1424 --- [           main] org.hibernate.orm.deprecation            : HHH90000025: H2Dialect does not need to be specified explicitly using 'hibernate.dialect' (remove the property setting and it will be selected by default)
2025-01-18T09:39:35.992-05:00  INFO 1424 --- [           main] org.hibernate.orm.connections.pooling    : HHH10001005: Database info:
	Database JDBC URL [Connecting through datasource 'HikariDataSource (HikariPool-1)']
	Database driver: undefined/unknown
	Database version: 2.3.232
	Autocommit mode: undefined/unknown
	Isolation level: undefined/unknown
	Minimum pool size: undefined/unknown
	Maximum pool size: undefined/unknown
2025-01-18T09:39:36.941-05:00  INFO 1424 --- [           main] o.h.e.t.j.p.i.JtaPlatformInitiator       : HHH000489: No JTA platform available (set 'hibernate.transaction.jta.platform' to enable JTA platform integration)
Hibernate: alter table if exists franquicia alter column id set data type bigint
Hibernate: alter table if exists producto alter column id set data type bigint
Hibernate: alter table if exists producto alter column sucursal_id set data type bigint
Hibernate: alter table if exists sucursal alter column id set data type bigint
Hibernate: alter table if exists sucursal alter column franquicia_id set data type bigint
Hibernate: alter table if exists producto add constraint FKairo81aonoew8q2rx9qmoh43m foreign key (sucursal_id) references sucursal
Hibernate: alter table if exists sucursal add constraint FKbpwa0s1q3amy9xq38kuim0xca foreign key (franquicia_id) references franquicia
2025-01-18T09:39:37.035-05:00  INFO 1424 --- [           main] j.LocalContainerEntityManagerFactoryBean : Initialized JPA EntityManagerFactory for persistence unit 'default'
2025-01-18T09:39:37.467-05:00  INFO 1424 --- [           main] o.s.d.j.r.query.QueryEnhancerFactory     : Hibernate is in classpath; If applicable, HQL parser will be used.
2025-01-18T09:39:38.551-05:00  WARN 1424 --- [           main] JpaBaseConfiguration$JpaWebConfiguration : spring.jpa.open-in-view is enabled by default. Therefore, database queries may be performed during view rendering. Explicitly configure spring.jpa.open-in-view to disable this warning
2025-01-18T09:39:38.955-05:00  INFO 1424 --- [           main] o.s.b.a.h2.H2ConsoleAutoConfiguration    : H2 console available at '/h2-console'. Database available at 'jdbc:h2:mem:enlacesdb'
2025-01-18T09:39:39.031-05:00  INFO 1424 --- [           main] .f.f.FranquiciaProductosApplicationTests : Started FranquiciaProductosApplicationTests in 6.099 seconds (process running for 7.177)
]]></system-out>
    <system-err><![CDATA[Mockito is currently self-attaching to enable the inline-mock-maker. This will no longer work in future releases of the JDK. Please add Mockito as an agent to your build what is described in Mockito's documentation: https://javadoc.io/doc/org.mockito/mockito-core/latest/org/mockito/Mockito.html#0.3
WARNING: A Java agent has been loaded dynamically (C:\Users\Emel\.m2\repository\net\bytebuddy\byte-buddy-agent\1.15.11\byte-buddy-agent-1.15.11.jar)
WARNING: If a serviceability tool is in use, please run with -XX:+EnableDynamicAgentLoading to hide this warning
WARNING: If a serviceability tool is not in use, please run with -Djdk.instrument.traceUsage for more information
WARNING: Dynamic loading of agents will be disallowed by default in a future release
]]></system-err>
  </testcase>
</testsuite>